<?xml version="1.0" encoding="UTF-8"?>
<testsuite xmlns:xsi="http://www.w3.org/2001/XMLSchema-instance" xsi:noNamespaceSchemaLocation="https://maven.apache.org/surefire/maven-surefire-plugin/xsd/surefire-test-report-3.0.xsd" version="3.0" name="com.rewabank.configserver.ConfigserverApplicationTests" time="31.979" tests="1" errors="0" skipped="0" failures="0">
  <properties>
[...]
</properties>
  <testcase name="contextLoads" classname="com.rewabank.configserver.ConfigserverApplicationTests" time="4.451">
    <system-out><![CDATA[23:44:07.069 [main] INFO org.springframework.test.context.support.AnnotationConfigContextLoaderUtils -- Could not detect default configuration classes for test class [com.rewabank.configserver.ConfigserverApplicationTests]: ConfigserverApplicationTests does not declare any static, non-private, non-final, nested classes annotated with @Configuration.
23:44:07.418 [main] INFO org.springframework.boot.test.context.SpringBootTestContextBootstrapper -- Found @SpringBootConfiguration com.rewabank.configserver.ConfigserverApplication for test class com.rewabank.configserver.ConfigserverApplicationTests

  .   ____          _            __ _ _
 /\\ / ___'_ __ _ _(_)_ __  __ _ \ \ \ \
( ( )\___ | '_ | '_| | '_ \/ _` | \ \ \ \
 \\/  ___)| |_)| | | | | || (_| |  ) ) ) )
  '  |____| .__|_| |_|_| |_\__, | / / / /
 =========|_|==============|___/=/_/_/_/

 :: Spring Boot ::                (v3.4.3)

2025-03-24T23:44:10.350+05:30  INFO[configserver,,] 14068 --- [configserver] [           main] c.r.c.ConfigserverApplicationTests       : Starting ConfigserverApplicationTests using Java 17.0.12 with PID 14068 (started by Monukushw in C:\Users\Monukushw\Downloads\Microservices-24-03-2025\configserver)
2025-03-24T23:44:10.353+05:30  INFO[configserver,,] 14068 --- [configserver] [           main] c.r.c.ConfigserverApplicationTests       : The following 1 profile is active: "git"
2025-03-24T23:44:15.862+05:30  INFO[configserver,,] 14068 --- [configserver] [           main] faultConfiguringBeanFactoryPostProcessor : No bean named 'errorChannel' has been explicitly defined. Therefore, a default PublishSubscribeChannel will be created.
2025-03-24T23:44:15.932+05:30  INFO[configserver,,] 14068 --- [configserver] [           main] faultConfiguringBeanFactoryPostProcessor : No bean named 'integrationHeaderChannelRegistry' has been explicitly defined. Therefore, a default DefaultHeaderChannelRegistry will be created.
2025-03-24T23:44:16.612+05:30  INFO[configserver,,] 14068 --- [configserver] [           main] o.s.cloud.context.scope.GenericScope     : BeanFactory id=e669c278-ce61-3112-b50d-eecc9d4b4ee3
2025-03-24T23:44:29.659+05:30  INFO[configserver,,] 14068 --- [configserver] [           main] o.s.c.s.m.DirectWithAttributesChannel    : Channel 'configserver.springCloudBusInput' has 1 subscriber(s).
2025-03-24T23:44:31.797+05:30  INFO[configserver,,] 14068 --- [configserver] [           main] o.s.b.a.e.web.EndpointLinksResolver      : Exposing 23 endpoints beneath base path '/actuator'
2025-03-24T23:44:32.066+05:30  INFO[configserver,,] 14068 --- [configserver] [           main] o.s.i.endpoint.EventDrivenConsumer       : Adding {logging-channel-adapter:_org.springframework.integration.errorLogger} as a subscriber to the 'errorChannel' channel
2025-03-24T23:44:32.067+05:30  INFO[configserver,,] 14068 --- [configserver] [           main] o.s.i.channel.PublishSubscribeChannel    : Channel 'configserver.errorChannel' has 1 subscriber(s).
2025-03-24T23:44:32.070+05:30  INFO[configserver,,] 14068 --- [configserver] [           main] o.s.i.endpoint.EventDrivenConsumer       : started bean '_org.springframework.integration.errorLogger'
2025-03-24T23:44:32.228+05:30  INFO[configserver,,] 14068 --- [configserver] [           main] o.s.c.c.m.FileMonitorConfiguration       : Not monitoring for local config changes
2025-03-24T23:44:32.230+05:30  INFO[configserver,,] 14068 --- [configserver] [           main] o.s.c.s.binder.DefaultBinderFactory      : Creating binder: rabbit
2025-03-24T23:44:32.231+05:30  INFO[configserver,,] 14068 --- [configserver] [           main] o.s.c.s.binder.DefaultBinderFactory      : Constructing binder child context for rabbit
2025-03-24T23:44:32.625+05:30  INFO[configserver,,] 14068 --- [configserver] [           main] o.s.c.s.binder.DefaultBinderFactory      : Caching the binder: rabbit
2025-03-24T23:44:32.885+05:30  INFO[configserver,,] 14068 --- [configserver] [           main] c.s.b.r.p.RabbitExchangeQueueProvisioner : declaring queue for inbound: springCloudBus.anonymous.F82hrC-gTAOG3R1xxRvYOQ, bound to: springCloudBus
2025-03-24T23:44:32.914+05:30  INFO[configserver,,] 14068 --- [configserver] [           main] o.s.a.r.c.CachingConnectionFactory       : Attempting to connect to: [localhost:5672]
2025-03-24T23:44:33.342+05:30  INFO[configserver,,] 14068 --- [configserver] [           main] o.s.a.r.c.CachingConnectionFactory       : Created new connection: rabbitConnectionFactory#1fca53a7:0/SimpleConnection@47d0195b [delegate=amqp://guest@127.0.0.1:5672/, localPort=57306]
2025-03-24T23:44:33.470+05:30  INFO[configserver,,] 14068 --- [configserver] [           main] o.s.c.stream.binder.BinderErrorChannel   : Channel 'rabbit-1224302486.springCloudBusInput.errors' has 1 subscriber(s).
2025-03-24T23:44:33.472+05:30  INFO[configserver,,] 14068 --- [configserver] [           main] o.s.c.stream.binder.BinderErrorChannel   : Channel 'rabbit-1224302486.springCloudBusInput.errors' has 2 subscriber(s).
2025-03-24T23:44:33.560+05:30  INFO[configserver,,] 14068 --- [configserver] [           main] o.s.i.a.i.AmqpInboundChannelAdapter      : started bean 'inbound.springCloudBus.anonymous.F82hrC-gTAOG3R1xxRvYOQ'
2025-03-24T23:44:33.814+05:30  INFO[configserver,,] 14068 --- [configserver] [           main] c.r.c.ConfigserverApplicationTests       : Started ConfigserverApplicationTests in 25.262 seconds (process running for 29.462)
]]></system-out>
  </testcase>
</testsuite>